-------------------------------------------------------------------------------
Test set: Authentication
-------------------------------------------------------------------------------
Tests run: 9, Failures: 1, Errors: 0, Skipped: 0, Time elapsed: 4.729 s <<< FAILURE! - in Authentication
Authentication.POST - Register account (positive)  Time elapsed: 3.501 s  <<< FAILURE!
java.lang.AssertionError: 
1 expectation failed.
Expected status code <200> but was <400>.


