<?xml version="1.0" encoding="UTF-8"?>
<testsuite xmlns:xsi="http://www.w3.org/2001/XMLSchema-instance" xsi:noNamespaceSchemaLocation="https://maven.apache.org/surefire/maven-failsafe-plugin/xsd/failsafe-test-report-3.0.xsd" version="3.0" name="Product Categories" time="4.687" tests="9" errors="0" skipped="0" failures="0">
  <properties>
[...]
</properties>
  <testcase name="POST - Create a category (positive)" classname="Product Categories" time="3.477">
    <system-out><![CDATA[
@POST
Scenario: POST - Create a category (positive) &amp#27;[90m# src/test/resources/api/productCategories.feature:7&amp#27;[0m
  &amp#27;[32mGiven &amp#27;[0m&amp#27;[32mI set POST endpoints categories&amp#27;[0m       &amp#27;[90m# starter.stepdefinitions.ProductCategorySteps.setPostApiEndpointCategories()&amp#27;[0m
  &amp#27;[32mWhen &amp#27;[0m&amp#27;[32mI send POST HTTP request categories&amp#27;[0m    &amp#27;[90m# starter.stepdefinitions.ProductCategorySteps.sendPostHTTPRequestCategories()&amp#27;[0m
  &amp#27;[32mThen &amp#27;[0m&amp#27;[32mI receive valid HTTP response code 200&amp#27;[0m &amp#27;[90m# starter.stepdefinitions.ProductSteps.receiveValidHttpResponseCode()&amp#27;[0m
]]></system-out>
  </testcase>
  <testcase name="POST - Create a category (negative)" classname="Product Categories" time="0.24">
    <system-out><![CDATA[
@POST
Scenario: POST - Create a category (negative)    &amp#27;[90m# src/test/resources/api/productCategories.feature:12&amp#27;[0m
  &amp#27;[32mGiven &amp#27;[0m&amp#27;[32mI set POST endpoints categories&amp#27;[0m          &amp#27;[90m# starter.stepdefinitions.ProductCategorySteps.setPostApiEndpointCategories()&amp#27;[0m
  &amp#27;[32mWhen &amp#27;[0m&amp#27;[32mI send empty POST HTTP request categories&amp#27;[0m &amp#27;[90m# starter.stepdefinitions.ProductCategorySteps.sendEmptyPostHTTPRequestCategories()&amp#27;[0m
  &amp#27;[32mThen &amp#27;[0m&amp#27;[32mI receive valid HTTP response code 400&amp#27;[0m    &amp#27;[90m# starter.stepdefinitions.ProductSteps.receiveInvalidHTTPResponseCode400()&amp#27;[0m
]]></system-out>
  </testcase>
  <testcase name="POST - Create a category with invalid endpoints(negative)" classname="Product Categories" time="0.159">
    <system-out><![CDATA[
@POST
Scenario: POST - Create a category with invalid endpoints(negative) &amp#27;[90m# src/test/resources/api/productCategories.feature:17&amp#27;[0m
  &amp#27;[32mGiven &amp#27;[0m&amp#27;[32mI set POST invalid endpoints categories&amp#27;[0m                     &amp#27;[90m# starter.stepdefinitions.ProductCategorySteps.setPostApiInvalidEndpointCategories()&amp#27;[0m
  &amp#27;[32mWhen &amp#27;[0m&amp#27;[32mI send invalid POST HTTP request categories&amp#27;[0m                  &amp#27;[90m# starter.stepdefinitions.ProductCategorySteps.sendPostHTTPRequestInvalidCategories()&amp#27;[0m
  &amp#27;[32mThen &amp#27;[0m&amp#27;[32mI receive valid HTTP response code 404&amp#27;[0m                       &amp#27;[90m# starter.stepdefinitions.ProductSteps.receiveInvalidHttpResponseCode()&amp#27;[0m
]]></system-out>
  </testcase>
  <testcase name="GET - Get category by ID (positive)" classname="Product Categories" time="0.161">
    <system-out><![CDATA[
@GetCategoryByID
Scenario: GET - Get category by ID (positive) &amp#27;[90m# src/test/resources/api/productCategories.feature:24&amp#27;[0m
  &amp#27;[32mGiven &amp#27;[0m&amp#27;[32mI set GET endpoints category By ID&amp#27;[0m    &amp#27;[90m# starter.stepdefinitions.ProductCategorySteps.setGetApiEndpointCategoriesByID()&amp#27;[0m
  &amp#27;[32mWhen &amp#27;[0m&amp#27;[32mI send GET HTTP request category By ID&amp#27;[0m &amp#27;[90m# starter.stepdefinitions.ProductCategorySteps.sendGetHTTPRequestCategoriesByID()&amp#27;[0m
  &amp#27;[32mThen &amp#27;[0m&amp#27;[32mI receive valid HTTP response code 200&amp#27;[0m &amp#27;[90m# starter.stepdefinitions.ProductSteps.receiveValidHttpResponseCode()&amp#27;[0m
]]></system-out>
  </testcase>
  <testcase name="GET - Get category by ID with invalid endpoints (negative)" classname="Product Categories" time="0.147">
    <system-out><![CDATA[
@GetCategoryByID
Scenario: GET - Get category by ID with invalid endpoints (negative) &amp#27;[90m# src/test/resources/api/productCategories.feature:29&amp#27;[0m
  &amp#27;[32mGiven &amp#27;[0m&amp#27;[32mI set GET invalid endpoints category By ID&amp#27;[0m                   &amp#27;[90m# starter.stepdefinitions.ProductCategorySteps.setGetApiInvalidEndpointCategoriesByID()&amp#27;[0m
  &amp#27;[32mWhen &amp#27;[0m&amp#27;[32mI send invalid GET HTTP request category By ID&amp#27;[0m                &amp#27;[90m# starter.stepdefinitions.ProductCategorySteps.sendGetHTTPRequestInvalidCategoriesByID()&amp#27;[0m
  &amp#27;[32mThen &amp#27;[0m&amp#27;[32mI receive valid HTTP response code 404&amp#27;[0m                        &amp#27;[90m# starter.stepdefinitions.ProductSteps.receiveInvalidHttpResponseCode()&amp#27;[0m
]]></system-out>
  </testcase>
  <testcase name="GET - Get All Categories (positive)" classname="Product Categories" time="0.143">
    <system-out><![CDATA[
@GetAllCategory
Scenario: GET - Get All Categories (positive)  &amp#27;[90m# src/test/resources/api/productCategories.feature:36&amp#27;[0m
  &amp#27;[32mGiven &amp#27;[0m&amp#27;[32mI set GET endpoints to all category&amp#27;[0m    &amp#27;[90m# starter.stepdefinitions.ProductCategorySteps.setGetApiEndpointAllCategory()&amp#27;[0m
  &amp#27;[32mWhen &amp#27;[0m&amp#27;[32mI send GET HTTP request to all category&amp#27;[0m &amp#27;[90m# starter.stepdefinitions.ProductCategorySteps.sendGetHTTPRequestAllCategory()&amp#27;[0m
  &amp#27;[32mThen &amp#27;[0m&amp#27;[32mI receive valid HTTP response code 200&amp#27;[0m  &amp#27;[90m# starter.stepdefinitions.ProductSteps.receiveValidHttpResponseCode()&amp#27;[0m
]]></system-out>
  </testcase>
  <testcase name="GET - Get All Categories with invalid endpoints (negative)" classname="Product Categories" time="0.114">
    <system-out><![CDATA[
@GetAllCategory
Scenario: GET - Get All Categories with invalid endpoints (negative) &amp#27;[90m# src/test/resources/api/productCategories.feature:41&amp#27;[0m
  &amp#27;[32mGiven &amp#27;[0m&amp#27;[32mI set GET invalid endpoints to all category&amp#27;[0m                  &amp#27;[90m# starter.stepdefinitions.ProductCategorySteps.setGetApiInvalidEndpointAllCategory()&amp#27;[0m
  &amp#27;[32mWhen &amp#27;[0m&amp#27;[32mI send invalid GET HTTP request to all category&amp#27;[0m               &amp#27;[90m# starter.stepdefinitions.ProductCategorySteps.sendInvalidGetHTTPRequestAllCategory()&amp#27;[0m
  &amp#27;[32mThen &amp#27;[0m&amp#27;[32mI receive valid HTTP response code 404&amp#27;[0m                        &amp#27;[90m# starter.stepdefinitions.ProductSteps.receiveInvalidHttpResponseCode()&amp#27;[0m
]]></system-out>
  </testcase>
  <testcase name="DELETE - As admin I have delete a category (positive)" classname="Product Categories" time="0.116">
    <system-out><![CDATA[
@DeleteCategory
Scenario: DELETE - As admin I have delete a category (positive) &amp#27;[90m# src/test/resources/api/productCategories.feature:47&amp#27;[0m
  &amp#27;[32mGiven &amp#27;[0m&amp#27;[32mI set DELETE endpoints category&amp#27;[0m                         &amp#27;[90m# starter.stepdefinitions.ProductCategorySteps.setDeleteEndpointCategory()&amp#27;[0m
  &amp#27;[32mWhen &amp#27;[0m&amp#27;[32mI send DELETE HTTP request category&amp#27;[0m                      &amp#27;[90m# starter.stepdefinitions.ProductCategorySteps.sendDeleteHttpRequestCategory()&amp#27;[0m
  &amp#27;[32mThen &amp#27;[0m&amp#27;[32mI receive valid HTTP response code 200&amp#27;[0m                   &amp#27;[90m# starter.stepdefinitions.ProductSteps.receiveValidHttpResponseCode()&amp#27;[0m
]]></system-out>
  </testcase>
  <testcase name="DELETE - As admin I have delete a category with invalid endpoints (negative)" classname="Product Categories" time="0.13">
    <system-out><![CDATA[
@DeleteCategory
Scenario: DELETE - As admin I have delete a category with invalid endpoints (negative) &amp#27;[90m# src/test/resources/api/productCategories.feature:52&amp#27;[0m
  &amp#27;[32mGiven &amp#27;[0m&amp#27;[32mI set DELETE invalid endpoints category&amp#27;[0m                                        &amp#27;[90m# starter.stepdefinitions.ProductCategorySteps.setDeleteInvalidEndpointCategory()&amp#27;[0m
  &amp#27;[32mWhen &amp#27;[0m&amp#27;[32mI send invalid DELETE HTTP request category&amp#27;[0m                                     &amp#27;[90m# starter.stepdefinitions.ProductCategorySteps.sendInvalidDeleteHttpRequestCategory()&amp#27;[0m
  &amp#27;[32mThen &amp#27;[0m&amp#27;[32mI receive valid HTTP response code 404&amp#27;[0m                                          &amp#27;[90m# starter.stepdefinitions.ProductSteps.receiveInvalidHttpResponseCode()&amp#27;[0m
]]></system-out>
  </testcase>
</testsuite>