<?xml version="1.0" encoding="UTF-8"?><testsuite errors="0" failures="0" name="Products" skipped="0" tests="18" time="4.54" timestamp="2023-05-04 09:58:42"><testcase name="Get - Get all products (positive)"/><testcase name="Get - Get all products (negative)"/><testcase name="POST - Create a new product (positive)"/><testcase name="POST - Create a new product (negative)"/><testcase name="GET - As admin I Get product By ID "/><testcase name="GET - As admin I Get product By ID "/><testcase name="DELETE - As admin I have delete a product (positive)"/><testcase name="DELETE - As admin I have delete a product with invalid endpoints (negative)"/><testcase name="POST - Assign a product rating (positive)"/><testcase name="POST - Assign a product rating with invalid endpoints (negative)"/><testcase name="POST - Assign a product rating without Authorazation (negative)"/><testcase name="GET - Get product ratings (positive)"/><testcase name="GET - Get product ratings with invalid endpoints (negative)"/><testcase name="POST - Create a comment for product (positive)"/><testcase name="POST - Create a comment for product with invalid endpoints (negative)"/><testcase name="POST - Create a comment for product without Authorization (negative)"/><testcase name="GET - Get product comments (positive)"/><testcase name="GET - Get product comments with invalid endpoints (negative)"/></testsuite>