<?xml version="1.0" encoding="UTF-8"?><testsuite errors="0" failures="0" name="Orders" skipped="0" tests="6" time="3.24" timestamp="2023-05-04 09:58:42"><testcase name="GET - Get all Orders (positive)"/><testcase name="GET - Get all Orders with invalid endpoints (negative)"/><testcase name="GET - Get all Orders without Authorazation (negative)"/><testcase name="GET - Get order by ID (positive)"/><testcase name="GET - Get order by ID with invalid endpoints (negative)"/><testcase name="GET - Get order by ID without Authorazation (negative)"/></testsuite>