<?xml version="1.0" encoding="UTF-8"?><testsuite errors="0" failures="1" name="Authentication" skipped="0" tests="9" time="4.4" timestamp="2023-05-09 07:35:58"><testcase name="POST - Register account (positive)"><failure message="1 expectation failed.&#10;Expected status code &lt;200&gt; but was &lt;400&gt;.&#10;" type="java.lang.AssertionError">1 expectation failed.
Expected status code &lt;200&gt; but was &lt;400&gt;.
</failure><system-err>1 expectation failed.
Expected status code &lt;200&gt; but was &lt;400&gt;.
&#13;
io.restassured.internal.ResponseSpecificationImpl.validateResponseIfRequired(ResponseSpecificationImpl.groovy:674)&#13;
io.restassured.internal.ResponseSpecificationImpl.statusCode(ResponseSpecificationImpl.groovy:126)&#13;
io.restassured.internal.ResponseSpecificationImpl.statusCode(ResponseSpecificationImpl.groovy:134)&#13;
io.restassured.internal.ValidatableResponseOptionsImpl.statusCode(ValidatableResponseOptionsImpl.java:89)&#13;
io.restassured.internal.ValidatableResponseImpl.super$2$statusCode(ValidatableResponseImpl.groovy)&#13;
groovy.lang.MetaMethod.doMethodInvoke(MetaMethod.java:323)&#13;
groovy.lang.MetaClassImpl.invokeMethod(MetaClassImpl.java:1268)&#13;
io.restassured.internal.ValidatableResponseImpl.statusCode(ValidatableResponseImpl.groovy:142)&#13;
io.restassured.internal.ValidatableResponseImpl.statusCode(ValidatableResponseImpl.groovy)&#13;
starter.products.GetAllProducts.lambda$validateHttpResponseCode200$0(GetAllProducts.java:26)&#13;
net.serenitybdd.rest.SerenityRest.restAssuredThat(SerenityRest.java:626)&#13;
starter.products.GetAllProducts.validateHttpResponseCode200(GetAllProducts.java:26)&#13;
starter.stepdefinitions.ProductSteps.receiveValidHttpResponseCode(ProductSteps.java:44)&#13;
✽.I receive valid HTTP response code 200(file:///D:/1.%20QA%20ALTERRA%20ACADEMY/MobileTesting/MiniProject/src/test/resources/api/authentication.feature:10)&#13;
</system-err></testcase><testcase name="POST - Register account with invalid endpoints (negative)"/><testcase name="POST - Register account without Authorazation (negative)"/><testcase name="POST - Login account (positive)"/><testcase name="POST - Login account with invalid endpoints (negative)"/><testcase name="POST - Login account without Authorazation (negative)"/><testcase name="GET - Get user information (positive)"/><testcase name="GET - Get user information with invalid endpoints (negative)"/><testcase name="GET - Get user information without Authorazation (negative)"/></testsuite>