<?xml version="1.0" encoding="UTF-8"?><testsuite errors="0" failures="0" name="Product Categories" skipped="0" tests="9" time="4.33" timestamp="2023-05-09 07:35:59"><testcase name="POST - Create a category (positive)"/><testcase name="POST - Create a category (negative)"/><testcase name="POST - Create a category with invalid endpoints(negative)"/><testcase name="GET - Get category by ID (positive)"/><testcase name="GET - Get category by ID with invalid endpoints (negative)"/><testcase name="GET - Get All Categories (positive)"/><testcase name="GET - Get All Categories with invalid endpoints (negative)"/><testcase name="DELETE - As admin I have delete a category (positive)"/><testcase name="DELETE - As admin I have delete a category with invalid endpoints (negative)"/></testsuite>