<?xml version="1.0" encoding="UTF-8"?><testsuite errors="0" failures="0" name="Authentication" skipped="0" tests="9" time="3.67" timestamp="2023-05-04 09:58:42"><testcase name="POST - Register account (positive)"/><testcase name="POST - Register account with invalid endpoints (negative)"/><testcase name="POST - Register account without Authorazation (negative)"/><testcase name="POST - Login account (positive)"/><testcase name="POST - Login account with invalid endpoints (negative)"/><testcase name="POST - Login account without Authorazation (negative)"/><testcase name="GET - Get user information (positive)"/><testcase name="GET - Get user information with invalid endpoints (negative)"/><testcase name="GET - Get user information without Authorazation (negative)"/></testsuite>